<html>
<head>
<title>TestNG:  Surefire test</title>
<link href="../testng.css" rel="stylesheet" type="text/css" />
<link href="../my-testng.css" rel="stylesheet" type="text/css" />

<style type="text/css">
.log { display: none;} 
.stack-trace { display: none;} 
</style>
<script type="text/javascript">
<!--
function flip(e) {
  current = e.style.display;
  if (current == 'block') {
    e.style.display = 'none';
    return 0;
  }
  else {
    e.style.display = 'block';
    return 1;
  }
}

function toggleBox(szDivId, elem, msg1, msg2)
{
  var res = -1;  if (document.getElementById) {
    res = flip(document.getElementById(szDivId));
  }
  else if (document.all) {
    // this is the way old msie versions work
    res = flip(document.all[szDivId]);
  }
  if(elem) {
    if(res == 0) elem.innerHTML = msg1; else elem.innerHTML = msg2;
  }

}

function toggleAllBoxes() {
  if (document.getElementsByTagName) {
    d = document.getElementsByTagName('div');
    for (i = 0; i < d.length; i++) {
      if (d[i].className == 'log') {
        flip(d[i]);
      }
    }
  }
}

// -->
</script>

</head>
<body>
<h2 align='center'>Surefire test</h2><table border='1' align="center">
<tr>
<td>Tests passed/Failed/Skipped:</td><td>11/1/0</td>
</tr><tr>
<td>Started on:</td><td>Wed Jun 07 14:21:00 CEST 2023</td>
</tr>
<tr><td>Total time:</td><td>144 seconds (144168 ms)</td>
</tr><tr>
<td>Included groups:</td><td></td>
</tr><tr>
<td>Excluded groups:</td><td></td>
</tr>
</table><p/>
<small><i>(Hover the method name to see the test class name)</i></small><p/>
<table width='100%' border='1' class='invocation-failed'>
<tr><td colspan='4' align='center'><b>FAILED TESTS</b></td></tr>
<tr><td><b>Test method</b></td>
<td><b>Attribute(s)</b></td>
<td width="30%"><b>Exception</b></td>
<td width="10%"><b>Time (seconds)</b></td>
<td><b>Instance</b></td>
</tr>
<tr>
<td title='com.tutorialsninja.qa.testcases.SearchTest.verifySearchWithInvalidProduct()'><b>verifySearchWithInvalidProduct</b><br>Test class: com.tutorialsninja.qa.testcases.SearchTest</td>
<td><div><pre>java.lang.AssertionError: The Product is Valid expected [true] but found [false]
	at com.tutorialsninja.qa.testcases.SearchTest.verifySearchWithInvalidProduct(SearchTest.java:39)
	at java.base/java.util.ArrayList.forEach(ArrayList.java:1541)
... Removed 35 stack frames</pre></div><a href='#' onClick='toggleBox("stack-trace1566390876", this, "Click to show all stack frames", "Click to hide stack frames")'>Click to show all stack frames</a>
<div class='stack-trace' id='stack-trace1566390876'><pre>java.lang.AssertionError: The Product is Valid expected [true] but found [false]
	at org.testng.Assert.fail(Assert.java:110)
	at org.testng.Assert.failNotEquals(Assert.java:1577)
	at org.testng.Assert.assertTrue(Assert.java:56)
	at com.tutorialsninja.qa.testcases.SearchTest.verifySearchWithInvalidProduct(SearchTest.java:39)
	at java.base/jdk.internal.reflect.NativeMethodAccessorImpl.invoke0(Native Method)
	at java.base/jdk.internal.reflect.NativeMethodAccessorImpl.invoke(NativeMethodAccessorImpl.java:62)
	at java.base/jdk.internal.reflect.DelegatingMethodAccessorImpl.invoke(DelegatingMethodAccessorImpl.java:43)
	at java.base/java.lang.reflect.Method.invoke(Method.java:566)
	at org.testng.internal.invokers.MethodInvocationHelper.invokeMethod(MethodInvocationHelper.java:139)
	at org.testng.internal.invokers.TestInvoker.invokeMethod(TestInvoker.java:677)
	at org.testng.internal.invokers.TestInvoker.invokeTestMethod(TestInvoker.java:221)
	at org.testng.internal.invokers.MethodRunner.runInSequence(MethodRunner.java:50)
	at org.testng.internal.invokers.TestInvoker$MethodInvocationAgent.invoke(TestInvoker.java:969)
	at org.testng.internal.invokers.TestInvoker.invokeTestMethods(TestInvoker.java:194)
	at org.testng.internal.invokers.TestMethodWorker.invokeTestMethods(TestMethodWorker.java:148)
	at org.testng.internal.invokers.TestMethodWorker.run(TestMethodWorker.java:128)
	at java.base/java.util.ArrayList.forEach(ArrayList.java:1541)
	at org.testng.TestRunner.privateRun(TestRunner.java:829)
	at org.testng.TestRunner.run(TestRunner.java:602)
	at org.testng.SuiteRunner.runTest(SuiteRunner.java:437)
	at org.testng.SuiteRunner.runSequentially(SuiteRunner.java:431)
	at org.testng.SuiteRunner.privateRun(SuiteRunner.java:391)
	at org.testng.SuiteRunner.run(SuiteRunner.java:330)
	at org.testng.SuiteRunnerWorker.runSuite(SuiteRunnerWorker.java:52)
	at org.testng.SuiteRunnerWorker.run(SuiteRunnerWorker.java:95)
	at org.testng.TestNG.runSuitesSequentially(TestNG.java:1256)
	at org.testng.TestNG.runSuitesLocally(TestNG.java:1176)
	at org.testng.TestNG.runSuites(TestNG.java:1099)
	at org.testng.TestNG.run(TestNG.java:1067)
	at org.apache.maven.surefire.testng.TestNGExecutor.run(TestNGExecutor.java:135)
	at org.apache.maven.surefire.testng.TestNGDirectoryTestSuite.executeMulti(TestNGDirectoryTestSuite.java:193)
	at org.apache.maven.surefire.testng.TestNGDirectoryTestSuite.execute(TestNGDirectoryTestSuite.java:94)
	at org.apache.maven.surefire.testng.TestNGProvider.invoke(TestNGProvider.java:146)
	at org.apache.maven.surefire.booter.ForkedBooter.invokeProviderInSameClassLoader(ForkedBooter.java:384)
	at org.apache.maven.surefire.booter.ForkedBooter.runSuitesInProcess(ForkedBooter.java:345)
	at org.apache.maven.surefire.booter.ForkedBooter.execute(ForkedBooter.java:126)
	at org.apache.maven.surefire.booter.ForkedBooter.main(ForkedBooter.java:418)
</pre></div></td>
<td>0</td>
<td>com.tutorialsninja.qa.testcases.SearchTest@4bb33f74</td></tr>
</table><p>
<table width='100%' border='1' class='invocation-passed'>
<tr><td colspan='4' align='center'><b>PASSED TESTS</b></td></tr>
<tr><td><b>Test method</b></td>
<td><b>Attribute(s)</b></td>
<td width="30%"><b>Exception</b></td>
<td width="10%"><b>Time (seconds)</b></td>
<td><b>Instance</b></td>
</tr>
<tr>
<td title='com.tutorialsninja.qa.testcases.LoginTest.verifyLoginWithoutProvidingCredentials()'><b>verifyLoginWithoutProvidingCredentials</b><br>Test class: com.tutorialsninja.qa.testcases.LoginTest</td>
<td></td>
<td>0</td>
<td>com.tutorialsninja.qa.testcases.LoginTest@3246fb96</td></tr>
<tr>
<td title='com.tutorialsninja.qa.testcases.RegisterTest.verifyRegisteringAccountWithMandatoryFields()'><b>verifyRegisteringAccountWithMandatoryFields</b><br>Test class: com.tutorialsninja.qa.testcases.RegisterTest</td>
<td></td>
<td>1</td>
<td>com.tutorialsninja.qa.testcases.RegisterTest@14555e0a</td></tr>
<tr>
<td title='com.tutorialsninja.qa.testcases.RegisterTest.verifyRegisteringAccountWtihExistingEmailAddress()'><b>verifyRegisteringAccountWtihExistingEmailAddress</b><br>Test class: com.tutorialsninja.qa.testcases.RegisterTest</td>
<td></td>
<td>1</td>
<td>com.tutorialsninja.qa.testcases.RegisterTest@14555e0a</td></tr>
<tr>
<td title='com.tutorialsninja.qa.testcases.LoginTest.verifyLoginWithInvalidCredentials()'><b>verifyLoginWithInvalidCredentials</b><br>Test class: com.tutorialsninja.qa.testcases.LoginTest</td>
<td></td>
<td>0</td>
<td>com.tutorialsninja.qa.testcases.LoginTest@3246fb96</td></tr>
<tr>
<td title='com.tutorialsninja.qa.testcases.LoginTest.verifyLoginWithValidCredential()'><b>verifyLoginWithValidCredential</b><br>Test class: com.tutorialsninja.qa.testcases.LoginTest<br>Parameters: gautam.kumar062@gmail.com, Gautam@062</td>
<td></td>
<td>0</td>
<td>com.tutorialsninja.qa.testcases.LoginTest@3246fb96</td></tr>
<tr>
<td title='com.tutorialsninja.qa.testcases.SearchTest.verifySearchWithoutAnyProduct()'><b>verifySearchWithoutAnyProduct</b><br>Test class: com.tutorialsninja.qa.testcases.SearchTest</td>
<td></td>
<td>0</td>
<td>com.tutorialsninja.qa.testcases.SearchTest@4bb33f74</td></tr>
<tr>
<td title='com.tutorialsninja.qa.testcases.RegisterTest.verifyRegisteringAccountByProvidingAllFields()'><b>verifyRegisteringAccountByProvidingAllFields</b><br>Test class: com.tutorialsninja.qa.testcases.RegisterTest</td>
<td></td>
<td>1</td>
<td>com.tutorialsninja.qa.testcases.RegisterTest@14555e0a</td></tr>
<tr>
<td title='com.tutorialsninja.qa.testcases.RegisterTest.verifyRegisteringAccountWtihoutFillingDetails()'><b>verifyRegisteringAccountWtihoutFillingDetails</b><br>Test class: com.tutorialsninja.qa.testcases.RegisterTest</td>
<td></td>
<td>0</td>
<td>com.tutorialsninja.qa.testcases.RegisterTest@14555e0a</td></tr>
<tr>
<td title='com.tutorialsninja.qa.testcases.LoginTest.verifyLoginWithValidCredential()'><b>verifyLoginWithValidCredential</b><br>Test class: com.tutorialsninja.qa.testcases.LoginTest<br>Parameters: gautam.kumar062@gmail.com, Gautam@062</td>
<td></td>
<td>0</td>
<td>com.tutorialsninja.qa.testcases.LoginTest@3246fb96</td></tr>
<tr>
<td title='com.tutorialsninja.qa.testcases.LoginTest.verifyLoginWithValidCredential()'><b>verifyLoginWithValidCredential</b><br>Test class: com.tutorialsninja.qa.testcases.LoginTest<br>Parameters: amotooricap1@gmail.com, 12345</td>
<td></td>
<td>0</td>
<td>com.tutorialsninja.qa.testcases.LoginTest@3246fb96</td></tr>
<tr>
<td title='com.tutorialsninja.qa.testcases.SearchTest.verifySearchWithValidProduct()'><b>verifySearchWithValidProduct</b><br>Test class: com.tutorialsninja.qa.testcases.SearchTest</td>
<td></td>
<td>0</td>
<td>com.tutorialsninja.qa.testcases.SearchTest@4bb33f74</td></tr>
</table><p>
</body>
</html>